TN:
SF:src/xplat/__init__.py
DA:1,1,1B2M2Y8AsgTpgAmY7PhCfg
LF:0
LH:0
end_of_record
TN:
SF:src/xplat/cli.py
DA:1,1,CHDm4nQFdIbtJ7sDJZ3wKw
DA:8,1,6vWAvNsegNqafFN4IKLrhg
DA:9,1,jEc91tz0B1b2beSYnS+UDQ
DA:11,1,EO8BqXLbPxej6vPPubJTXg
DA:13,1,XrE/mTofWQw96t2oqlt2oA
DA:15,1,36N9QzGvtIUyDv7MfdrlIg
DA:16,1,X+BqseeCGLkQg6W0wioVLQ
DA:17,1,yRdMBCNsng5RpO0bVPuwvA
DA:18,1,Sw5lojDWkkUsl20N5K/kww
DA:19,1,NzyWgPaPk+M8BzdJbP5mPQ
DA:20,1,ngf2kEBovudVlGhp4tKkUA
DA:23,1,qDuQ2iBJGzDiPZt9kSPxsg
DA:25,1,+/MF37jEWGRM2ASuVqUwTg
DA:26,1,sILF41kxZMtGasy1x25bkQ
DA:27,1,A5ijRTp9SB2spPbL7KXM8Q
DA:30,1,4HPjUlnP3YzvDnmQdtMoIg
DA:36,1,M78GOdRElptrSEGQd+EFSg
DA:37,1,Nw8cQTNyerem11dNY510aA
DA:38,1,1aZL5DjzGhDVTWm9YwR9bg
DA:39,1,dySna8jUkHIShzl2JdyQqw
DA:44,1,GQLW0PcB9oWlvQPpD8hOqg
DA:47,1,FindBsOD3oYs2eGEgc3ubw
DA:49,1,7xNlX579OJn133uisrLG8A
DA:50,1,8C4EK8lT2zeIzJOB/C3aog
DA:52,1,20ZYmiGSVCO9xiPpRpGpeA
DA:53,1,z5rpwsSBP1KS6h8TfsnMKg
DA:54,1,YzLkGwMzz0ZzF1s7r8F/VA
DA:58,1,z5rpwsSBP1KS6h8TfsnMKg
DA:61,1,LFV1WqqYA5+vduSqYRmoZw
DA:65,1,V8mVxnt5XlSFv9WjdbkdJw
DA:66,1,4ktHQdt7neDKV4VSqsshMQ
DA:68,1,Pk7SpdKC02KQQN45w/7KzQ
DA:69,1,dbvxa2pwo7kh3Wq3JFqt2Q
DA:74,1,5pVXrusUw+XAgCATKtxJ+g
DA:75,1,g/tSKOXXvlR+mEwJdsdaQQ
DA:76,1,u7235Q2niFKmT/UzrtVDqw
DA:78,1,rbjdBaSSyEkNccJzKUO53A
DA:81,1,uabRWIpauDa2qn1GBzNmpQ
DA:86,1,K7GuKCiFCg8fMkYZ4R1+9g
DA:87,1,dySna8jUkHIShzl2JdyQqw
DA:91,1,VG8hEqOjTR/eIcTV2PVGfQ
DA:93,1,rAa+iT8UmiuWX9mjuGFz/g
DA:95,1,07hPWactJYc0p6/3brzm+Q
DA:96,1,d7TnwNnLLJ91NGsq0vZJHQ
DA:97,1,h1ZV+N09VPFKQLjNFmEiMg
DA:98,1,iVm3P2kMR6SxxyhWy9iHmA
DA:99,1,PzdASUix5hLmpSsnpEZqrw
DA:100,1,Dik9m9pUZjQepvfIlT7omA
DA:101,1,I0zzwJxLknUKyR3jvDOb8w
DA:104,1,J8qZAB4NiFF2gSF6Zmj3Dw
DA:107,1,LNoKnwpgbxHE4AN/MKaoJQ
DA:108,1,dySna8jUkHIShzl2JdyQqw
DA:113,1,l6TjtYHqcNyGECUCc2lV5w
DA:114,1,9UnAw4jfQ/bpu9ZF9DJdHw
DA:115,1,csyN3asRjwSXGpyKrUN/dw
DA:116,1,vBcHp3p198paTnekyAbjYA
DA:117,1,cqEraoP+rIm/IP3YuTyl1A
DA:118,1,bLH2olSPd/S08pBC/89HMg
DA:119,1,+9JfrvQyMMiKfvJgqZwxxw
DA:122,1,bvv56JvZNvZdHALA/YcOsA
DA:125,1,B/Fo9U4/nMeRNS1JjGZVyQ
DA:126,1,QIOCvGW6QKkgRX/76wJszQ
DA:127,1,zXAfORIKxReF1HcBtup/aQ
DA:128,1,YEs3CUsvNdsift04xg4u9Q
DA:129,1,0aVdHhuLnqcuKhPmB099Ww
DA:130,1,LvOSna/d59aMQImfEgPHjA
DA:131,1,Q0FjeYcnW9Q0OZA/3ucO8Q
DA:132,1,kCksM10Yb4KJFx4/A0zUtg
DA:133,1,VVzGIYFMNr3ifhVe+Kc+VQ
DA:134,1,ewhquYAAVMRsKtl6EhniLg
DA:135,1,SuFOZpHtn11y8IZYnpVvuA
DA:136,1,A5ijRTp9SB2spPbL7KXM8Q
DA:137,1,SyuCO+JUZ77ORCjDgUumfQ
DA:140,1,oeu3mBRq9iDOGxMd70iWwQ
DA:142,1,V9unSyavLa4tqQVvkOk+1g
DA:143,1,mraOZczWHeMNirhcsFpv4g
DA:144,1,t3AJt6RiOHqoCLK91Ha02Q
DA:145,1,h0sDN4c/u/P+nOJyhtIlyQ
DA:146,1,gKav/+IAoxvMtd/F7wKZFg
DA:147,1,OQd7LQamvjvNCx7oPxK6xg
DA:148,1,02CvFRKk1r8aSjdAMC2uaA
DA:149,1,dAvc/YeszHQQ9Cvw4Tuytw
DA:150,1,5kdgNZsyGhQFGoB0NP5bdw
DA:151,1,dgImFBJ5IAjTAcAWqnN89A
DA:159,1,9Y4StkZx4ijsB7042EXV9g
DA:162,1,aa4/MLJpf4yiMUguqd/uLA
DA:163,1,lfmNGZeMgvWpCjeWROdSqw
DA:173,1,PdeqDqr4bOft68ON3+/7kg
DA:176,1,RFEkpqVL1JonZldHurC/fQ
DA:177,1,T+VkeKC1/9eZJ2MkMMNEKQ
DA:179,1,dNsy+TOXmuay1LLra7iKUw
DA:182,1,RFEkpqVL1JonZldHurC/fQ
DA:183,1,E12x4/2OytXvDdUW3m2rTQ
DA:192,1,v82U/Vdv7kd2tXlsDVtq4A
DA:193,1,h1o6DAoPOF4iFAkQAUcWbg
DA:194,1,pcHphErPJDnDWMCq/0GJMA
DA:195,1,q726Ahp1vowdkagMr0mgUg
DA:196,1,UDW0Bk0XTOfYnVZT2R73zw
DA:198,1,gSXgFcY5KykgXxyLccpJrg
DA:199,1,ztPxlVT27u8mnaEq2xvpmQ
DA:200,1,Mt6A/+g1FUgqIimWaLemZg
DA:202,1,d1fihD8Qi0837leZF5LuEg
DA:205,1,RFEkpqVL1JonZldHurC/fQ
DA:206,1,LKUIzhzLhSTtSJ341wagOA
DA:265,1,xQVNdxAJxuGw1z9RcZmDQw
DA:153,0,V2fVBHOcAr9TlOcGi3Hh+Q
DA:221,0,PIv+bWUxoaXdTUYmmd9JsQ
DA:222,0,HvLEl9bURgm6X4KLL1n3gQ
DA:224,0,BEcVxgCd72rT+YoXHA/AKg
DA:225,0,HvLEl9bURgm6X4KLL1n3gQ
DA:227,0,aHz0kPWBFkhpzl6wVNMT2w
DA:228,0,uiwB0YaBJYIeQaAgeuKCVQ
DA:229,0,aetSYGWWxy679cQ0eJJolw
DA:230,0,dySna8jUkHIShzl2JdyQqw
DA:234,0,HvLEl9bURgm6X4KLL1n3gQ
DA:236,0,iP4TJFcq3qh1KBSDcNA+Cw
DA:237,0,CyYFSze1Cd3txiPZsWcfqQ
DA:241,0,wOY2TSL2bXxXgORo3Aqf4Q
DA:242,0,C9zKfTxe/tLY47Fs/Vpy3A
DA:243,0,C0d7RNEw475pDag9nwAHWA
DA:245,0,KYHaQp+d7a2QsrT0bXnulw
DA:247,0,7sockmXuOpUcYJ+P3vbRkw
DA:248,0,7olefUrkLv3TrH4rBkEJKg
DA:249,0,4BbKjp/f3ntDdORHe0TDEQ
DA:250,0,o9CtMH9gvfJhzGdmHKFauw
DA:254,0,SXTVGnCZwG9AbR1QxITLFw
DA:255,0,j+Pnkzhy+wurpyWEO8k/8Q
DA:256,0,1lZ8K3f8k+JZfQ6nxF74fQ
DA:258,0,c1aKIZe4kOkWszRSJQztPg
DA:259,0,etZDbZckZpOSXX6c9FeOCg
DA:260,0,eqmpibYKKSjnBeRMBawUDw
DA:266,0,+TQWMVLgESQbwtnuPIzPjA
LF:129
LH:102
end_of_record
TN:
SF:src/xplat/constants.py
DA:1,1,TOiNA16cxGnIayo2i1sC/A
DA:5,1,hShnGf6SZdvV1LEbSpITgw
DA:7,1,+wEdeCYQ8H1yofBAcmgfeg
DA:8,1,gluZPG5+c/3DSCftOYUKcg
DA:9,1,RZJt6eh/CQLgXcTWcxjIuw
DA:11,1,RpVIu+ekPBVSj8ym1nb44g
DA:12,1,ehF2dtOL9BwQkqdAsa4hhA
DA:13,1,/Yd3kxFRe9TpjcbOc83dCw
DA:14,1,fcLlKqRL0IoGw3bL85Pzhw
DA:15,1,N5SYaLB15Z/e3/HR9/YuoQ
LF:9
LH:9
end_of_record
TN:
SF:src/xplat/list_files.py
DA:1,1,9MqHX9G/BLgFH6T6O4gfkQ
DA:2,1,jIwvaGQZpgqPyb42g/D4AQ
DA:3,1,WpEjgxacqgxANZhpobgHYQ
DA:4,1,6vWAvNsegNqafFN4IKLrhg
DA:5,1,jEc91tz0B1b2beSYnS+UDQ
DA:8,1,4pW36UdDOhtTkVnuPdRbaw
DA:10,1,yGMlAzSfwWRBeM8w09U7vQ
DA:11,1,icvZCwCJ/ucjc6GaMFIfjA
DA:12,1,aUb31MKkBgcHQSG+4GFbpg
DA:13,1,8nQ3UGO2AH7jVWeg7qH2og
DA:16,1,xlAmCB70a6oyaJPKR4txcQ
DA:18,1,mzmqqi2gPXbJpLR6Laudfw
DA:21,1,9s9WjpN5+yUMZk0BmaSqnQ
DA:23,1,UwvAw//UudX6YD8wsdbYAw
DA:24,1,RmhIwn3ojMWpihbpT1MSBg
DA:25,1,tFmpgGsrHrlWwgtHH//LhQ
DA:26,1,R4qyZpmVr+xKtna6762d8w
DA:27,1,5N6JBqc1EURt8R/Jo3hXmQ
DA:30,1,CT9XrugR0VmgtyLiirko8A
DA:31,1,nig3d/w6+3XuFMLNgDzlWw
DA:32,1,v3MdOE5BIFiGxEnQ56P85A
DA:34,1,IIOd4tZN0tMNkJklhEqa5g
DA:35,1,oConCN/iHcFVoieMtSJUlg
DA:36,1,plW5m5Q8Q72xNGiKjHX36w
DA:37,1,bKfUy5XFJVrSp5febcDXtQ
DA:38,1,Y37heKvJCi4wNS2kO6izhw
DA:40,1,y4OFc6j9N/1NqNUnyoQtGA
DA:41,1,bN1isIEHO1AsBD6bGub3EQ
DA:42,1,3ZyrZLh5iUcgZMwRuF2SHQ
DA:43,1,UIe407W2aDDmhIog3xLsRw
DA:44,1,VCf/YN42sbMxxtutkQSRRQ
LF:29
LH:29
end_of_record
TN:
SF:src/xplat/plat_info.py
DA:1,1,1+9wdnNK6ERHmSA06tdyPQ
DA:5,1,doJ+s5jyvyJiPCQebfFcIA
DA:7,1,pkGRhcOrO5rUrpcQPSDbyw
DA:8,1,ny9rP5wDukbxBa97auWfww
DA:9,1,RtMj29+xTOpGiGhPK6CSrQ
DA:12,1,XkVaNq0DbPOkHbGW8Evypw
DA:15,1,ihDDv7mY93fZxYGsT810PA
DA:16,1,BWscijFEt2r+GcVWIZdjcw
DA:19,1,nUIraRYMq0cfTw6dMrze9A
DA:21,1,F6eiynRg+aDzlLlA74PFXw
DA:22,1,v7SL/HqWKEAd4kN+MFlfAQ
DA:25,1,jec5MzJapfwgZmg83/CtPw
DA:27,1,UNxXTtjT0vy1imDaIubE6w
DA:28,1,OqgFp1mHPl1dCyY/Y5fPlw
DA:30,1,hrrDfYXSe4TfTndSfB9xsg
DA:31,1,qkqBg8DZtJciIlX/eHqBXQ
DA:32,1,+T8BWlWxBIRveJ+ogo1Ehw
DA:36,1,eW5yq3YshcH0PbiBzMXnPA
DA:41,1,JyR+jVAVVQaE8MlAvcwrAg
DA:44,1,jojzbo/lVt4ZYfxffYWdYA
DA:45,1,ITNcecFqmZP6egHXYfH6Jw
DA:48,1,yuV3LScqQwC9x50ibSDAYQ
DA:50,1,45ot7QsKceoobbHcGaXz3Q
DA:52,1,tWx4HDhjLT0hFwREmXjBmg
DA:54,1,KAlL3uet9y/CGsvJm3sGnA
DA:55,1,+jxmzjjCuXgzPJkFrIQ1Lg
DA:58,1,wGQarpVFOB+MaDX3IBJ0Gw
DA:60,1,wog7zFNSZhomPgWMWm3iOw
DA:68,1,DyhzqAV0FOcnZV2c0NU3TA
DA:71,1,5RYgItlWaljI3B0/qJX7sg
DA:73,1,AOGWYS1jfB33BS83I6Fwow
DA:74,1,FzI0AJtaH1GXBzSkGrLFLQ
DA:76,1,3y5w1P/BPSlQgqRcrdYBHA
DA:77,1,u76zRli6F1JuHFNAx0cUCQ
DA:80,1,vCbUg4hKLx32x8Tk8nhbvg
DA:106,1,RYDiROE4HC7S9loY/RoBLg
DA:109,1,JLc2ZJjNPm0kIZpTAlAxww
LF:30
LH:30
end_of_record
TN:
SF:src/xplat/renamer.py
DA:1,1,1+9wdnNK6ERHmSA06tdyPQ
DA:20,1,6vWAvNsegNqafFN4IKLrhg
DA:23,1,3XSEhYh4RV05cOQx2a93uQ
DA:31,1,7+SQvFFbRdxcATiQf6kMpQ
DA:32,1,oY69fWk2ZbzMs9ScGozsgg
DA:34,1,r3nv4M0bOB8HEKJd03Hgrw
DA:36,1,uKMFgFfUPlBjjI4q5y30pg
DA:39,1,jnhSdn4JgCbH2uzp8aGCkA
DA:52,1,P1qangplE9HAgIc5ym78tw
DA:53,1,NnCSGMpQIUalkFhSGVCKkw
DA:55,1,ufhotQaYQo5EcTfYiGOlbg
DA:60,1,I+pDdxbw94PangEsVeHl3g
DA:62,1,vKg2hXhydFQldH17WqtMSw
DA:63,1,yWGxdQ8kXP453qLXvGyx9g
DA:65,1,eetk3kQ3jnC6hy5eksR/bA
DA:66,1,zh2ikpKszn02tiMVJsqxhw
DA:70,1,loZi/NxrUMrUYB2xPF6ZDw
DA:72,1,Wy+Nbe45ghg5LKtJ6bnCAw
DA:75,1,akU51l8VITsN/vUgFz9OIA
DA:76,1,THx+oeBhN/U8tL0sH41QNA
DA:56,0,g3WjeNN9hp3zhQdJV3ATzQ
DA:69,0,yLIwktwWwUZ9DDyyhU90zQ
DA:73,0,eTm/1WMTRR4ymVBb3C+uXg
LF:22
LH:19
end_of_record
